<?xml version="1.0" encoding="UTF-8"?>
<!-- Generated by org.testng.reporters.JUnitReportReporter -->
<testsuite skipped="0" hostname="ip-172-31-32-197" name="com.webapp.test.amazon.AmazonNavListTest" tests="2" failures="0" timestamp="2021-10-28T05:42:51 UTC" time="10.586" errors="0">
  <testcase name="testMobileNavLink" time="5.761" classname="com.webapp.test.amazon.AmazonNavListTest"/>
  <system-out/>
  <testcase name="testFashionNavLink" time="4.825" classname="com.webapp.test.amazon.AmazonNavListTest"/>
  <system-out/>
</testsuite> <!-- com.webapp.test.amazon.AmazonNavListTest -->
