<?xml version="1.0" encoding="UTF-8"?>
<!-- Generated by org.testng.reporters.JUnitReportReporter -->
<testsuite skipped="0" hostname="ip-172-31-32-197" name="com.webapp.test.amazon.AmazonHompageTest" tests="2" failures="0" timestamp="2021-10-28T06:42:06 UTC" time="6.865" errors="0">
  <testcase name="testAmazonHomePageSourceURl" time="3.823" classname="com.webapp.test.amazon.AmazonHompageTest"/>
  <system-out/>
  <testcase name="testAmazonHomePageTitle" time="3.042" classname="com.webapp.test.amazon.AmazonHompageTest"/>
  <system-out/>
</testsuite> <!-- com.webapp.test.amazon.AmazonHompageTest -->
