<?xml version="1.0" encoding="UTF-8"?>
<!-- Generated by org.testng.reporters.JUnitReportReporter -->
<testsuite skipped="0" hostname="ip-172-31-32-197" name="com.webapp.test.amazon.AmazonSearchProductTest" tests="1" failures="0" timestamp="2021-10-28T05:42:51 UTC" time="5.054" errors="0">
  <testcase name="testAmazonProductSearch" time="5.054" classname="com.webapp.test.amazon.AmazonSearchProductTest"/>
  <system-out/>
</testsuite> <!-- com.webapp.test.amazon.AmazonSearchProductTest -->
