<?xml version="1.0" encoding="UTF-8"?>
<!-- Generated by org.testng.reporters.JUnitReportReporter -->
<testsuite skipped="0" hostname="ip-172-31-32-197" name="com.webapp.test.facebook.group.BrowserGroupTest" tests="6" failures="0" timestamp="2021-10-28T06:38:25 UTC" time="26.117" errors="0">
  <testcase name="testAmazonHomePageTitle" time="0.020" classname="com.webapp.test.facebook.group.BrowserGroupTest"/>
  <system-out/>
  <testcase name="lauchFireFoxTest" time="4.801" classname="com.webapp.test.facebook.group.BrowserGroupTest"/>
  <system-out/>
  <testcase name="testFaceBookHomePage" time="0.013" classname="com.webapp.test.facebook.group.BrowserGroupTest"/>
  <system-out/>
  <testcase name="lauchChromeTest" time="3.281" classname="com.webapp.test.facebook.group.BrowserGroupTest"/>
  <system-out/>
  <testcase name="testLogin" time="17.862" classname="com.webapp.test.facebook.group.BrowserGroupTest"/>
  <system-out/>
  <testcase name="testAmazonHomePageSourceURl" time="0.140" classname="com.webapp.test.facebook.group.BrowserGroupTest"/>
  <system-out/>
</testsuite> <!-- com.webapp.test.facebook.group.BrowserGroupTest -->
