<?xml version="1.0" encoding="UTF-8"?>
<!-- Generated by org.testng.reporters.JUnitReportReporter -->
<testsuite skipped="0" hostname="ip-172-31-32-197" name="com.webapp.test.StandardAnnotationsTest" tests="3" failures="0" timestamp="2021-10-28T05:03:47 UTC" time="0.012" errors="0">
  <testcase name="testOne" time="0.007" classname="com.webapp.test.StandardAnnotationsTest"/>
  <system-out/>
  <testcase name="testTwo" time="0.004" classname="com.webapp.test.StandardAnnotationsTest"/>
  <system-out/>
  <testcase name="testThree" time="0.001" classname="com.webapp.test.StandardAnnotationsTest"/>
  <system-out/>
</testsuite> <!-- com.webapp.test.StandardAnnotationsTest -->
