<?xml version="1.0" encoding="UTF-8"?>
<!-- Generated by org.testng.reporters.JUnitReportReporter -->
<testsuite skipped="0" hostname="ip-172-31-32-197" name="com.webapp.test.facebook.FacebookLoginTest" tests="2" failures="0" timestamp="2021-10-28T05:42:51 UTC" time="19.815" errors="0">
  <testcase name="testLogin" time="18.220" classname="com.webapp.test.facebook.FacebookLoginTest"/>
  <system-out/>
  <testcase name="testLoginFieldsDisplayed" time="1.595" classname="com.webapp.test.facebook.FacebookLoginTest"/>
  <system-out/>
</testsuite> <!-- com.webapp.test.facebook.FacebookLoginTest -->
