<?xml version="1.0" encoding="UTF-8"?>
<!-- Generated by org.testng.reporters.JUnitReportReporter -->
<testsuite skipped="0" hostname="ip-172-31-32-197" name="com.webapp.test.group.BrowserGroupTest" tests="6" failures="0" timestamp="2021-10-28T06:42:06 UTC" time="24.455" errors="0">
  <testcase name="lauchChromeTest" time="2.405" classname="com.webapp.test.group.BrowserGroupTest"/>
  <system-out/>
  <testcase name="testFaceBookHomePage" time="0.032" classname="com.webapp.test.group.BrowserGroupTest"/>
  <system-out/>
  <testcase name="lauchFireFoxTest" time="4.865" classname="com.webapp.test.group.BrowserGroupTest"/>
  <system-out/>
  <testcase name="testLogin" time="16.992" classname="com.webapp.test.group.BrowserGroupTest"/>
  <system-out/>
  <testcase name="testAmazonHomePageTitle" time="0.023" classname="com.webapp.test.group.BrowserGroupTest"/>
  <system-out/>
  <testcase name="testAmazonHomePageSourceURl" time="0.138" classname="com.webapp.test.group.BrowserGroupTest"/>
  <system-out/>
</testsuite> <!-- com.webapp.test.group.BrowserGroupTest -->
