<?xml version="1.0" encoding="UTF-8"?>
<!-- Generated by org.testng.reporters.JUnitReportReporter -->
<testsuite skipped="0" hostname="ip-172-31-32-197" name="com.webapp.test.facebook.FacebookLoginTest" tests="2" failures="0" timestamp="2021-10-28T06:42:06 UTC" time="18.896" errors="0">
  <testcase name="testLoginFieldsDisplayed" time="1.840" classname="com.webapp.test.facebook.FacebookLoginTest"/>
  <system-out/>
  <testcase name="testLogin" time="17.056" classname="com.webapp.test.facebook.FacebookLoginTest"/>
  <system-out/>
</testsuite> <!-- com.webapp.test.facebook.FacebookLoginTest -->
